Running "node_version" task
Using node 8.16.0
(Project requires node >=8.9.0)

Running "__clean:localdist" (__clean) task
>> 1 path cleaned.

Running "__touch-default" task

Running "copy:clientlibs" (copy) task
Copied 9 files

Running "templates2js:compile" (templates2js) task
Successfully converted 1 html templates to js.

Running "__localesdeploy:files" (__localesdeploy) task

Running "copy:jsbootstrap" (copy) task
Copied 1 file

Running "concat:cdevgbc" (concat) task

Running "copy:version" (copy) task
Copied 1 file

Running "copy:productinfo" (copy) task
Copied 1 file

Running "copy:droidFonts" (copy) task
Copied 12 files

Running "copy:materialIcons" (copy) task
Copied 5 files

Running "copy:resources" (copy) task
Created 15 directories, copied 65 files

Running "copy:customizationResources" (copy) task
Created 1 directory, copied 8 files

Running "themes:compile" (themes) task

    Building theme default
Copy resources from /opt/fourjs/gbc-1.00.53-project/theme/platform/desktop ... not found
Writing dist/customization/gbc-gc/themes/default/main.css ... ok.

    Building theme default_mobile
Copy resources from /opt/fourjs/gbc-1.00.53-project/theme/platform/mobile ... ok
Writing dist/customization/gbc-gc/themes/default_mobile/main.css ... ok.

    Building theme highcontrast_mobile
Copy resources from /opt/fourjs/gbc-1.00.53-project/theme/platform/mobile ... ok
Copy resources from /opt/fourjs/gbc-1.00.53-project/theme/colors/highcontrast ... not found
Writing dist/customization/gbc-gc/themes/highcontrast_mobile/main.css ... ok.

Running "replace:index" (replace) task

Running "replace:bootstrap" (replace) task

Running "gitinfo" task

Running "replace:version" (replace) task

Running "replace:prod" (replace) task

Done.


Execution Time (2019-05-31 09:48:23 UTC+1)
loading tasks         554ms  ▇▇▇▇▇▇▇▇▇ 21%
__clean:localdist     288ms  ▇▇▇▇▇ 11%
copy:clientlibs        35ms  ▇ 1%
templates2js:compile   49ms  ▇ 2%
concat:cdevgbc        101ms  ▇▇ 4%
copy:resources         33ms  ▇ 1%
themes:compile         1.4s  ▇▇▇▇▇▇▇▇▇▇▇▇▇▇▇▇▇▇▇▇▇▇ 54%
replace:version        46ms  ▇ 2%
replace:prod           40ms  ▇ 2%
Total 2.6s

